<?xml version="1.0" encoding="UTF-8"?>
<!-- Generated by org.testng.reporters.JUnitXMLReporter -->
<testsuite ignored="0" hostname="VIJAYAM" failures="1" tests="1" name="chromeTest" time="26.047" errors="0" timestamp="2022-06-30T23:03:52 EDT">
  <testcase classname="testCases.TC_001_AccountRegistration" name="test_account_registration" time="15.624">
    <failure type="java.lang.AssertionError" message="expected [true] but found [false]">
      <![CDATA[java.lang.AssertionError: expected [true] but found [false]
at testCases.TC_001_AccountRegistration.test_account_registration(TC_001_AccountRegistration.java:75)
at java.base/java.util.ArrayList.forEach(ArrayList.java:1511)
... Removed 29 stack frames]]>
    </failure>
  </testcase> <!-- test_account_registration -->
</testsuite> <!-- chromeTest -->
